<?xml version="1.0" encoding="UTF-8"?>
<!-- Generated by org.testng.reporters.JUnitReportReporter -->
<testsuite hostname="Mds-MacBook-Pro.local" failures="0" tests="4" name="apitest.Rest_Api_Test" time="5.518" errors="0" timestamp="2024-09-17T00:10:53 EDT" skipped="0">
  <testcase classname="apitest.Rest_Api_Test" name="getUsers" time="3.855"/>
  <system-out/>
  <testcase classname="apitest.Rest_Api_Test" name="createUser" time="0.744"/>
  <system-out/>
  <testcase classname="apitest.Rest_Api_Test" name="updateUser" time="0.457"/>
  <system-out/>
  <testcase classname="apitest.Rest_Api_Test" name="deleteUser" time="0.462"/>
  <system-out/>
</testsuite> <!-- apitest.Rest_Api_Test -->
